{"synthetic": false,
 "outputs":
 {"o": ["1783450230170641026"],
  "i": "16423691868927550121",
  "c": "15305807063671839319"},
 "log":
 [{"message":
   ".> LEAN_PATH=/Users/hxrts/projects/aura/lean/.lake/build/lib/lean /nix/store/2wk0ifmv0ba5rkifq7i3pqd99wpxp0r2-lean4-4.23.0/bin/lean /Users/hxrts/projects/aura/lean/Aura/GuardChain/Core.lean -o /Users/hxrts/projects/aura/lean/.lake/build/lib/lean/Aura/GuardChain/Core.olean -i /Users/hxrts/projects/aura/lean/.lake/build/lib/lean/Aura/GuardChain/Core.ilean -c /Users/hxrts/projects/aura/lean/.lake/build/ir/Aura/GuardChain/Core.c --setup /Users/hxrts/projects/aura/lean/.lake/build/ir/Aura/GuardChain/Core.setup.json --json",
   "level": "trace"}],
 "inputs":
 [["Aura.GuardChain.Core:deps",
   [["deps",
     [["auraLean/Aura:extraDep", [["@auraLean:extraDep", "1723"]]],
      ["imports", "1723"]]],
    ["libs",
     [["import dynlibs", "1723"],
      ["package external libraries", "1723"],
      ["module dynlibs", "1723"],
      ["module plugins", "1723"]]]]],
  ["Lean 4.23.0, commit v4.23.0", "5645240988061349575"],
  ["/Users/hxrts/projects/aura/lean/Aura/GuardChain/Core.lean",
   "1225227736093275504"],
  ["options", "1723"],
  ["Module.leanArgs: #[]", "1723"]],
 "depHash": "12265820727873888408"}