{"synthetic": false,
 "outputs":
 {"o": ["2382713172281646527"],
  "i": "4308143883398284162",
  "c": "15576355300397138867"},
 "log":
 [{"message":
   ".> LEAN_PATH=/Users/hxrts/projects/aura/lean/.lake/build/lib/lean /nix/store/2wk0ifmv0ba5rkifq7i3pqd99wpxp0r2-lean4-4.23.0/bin/lean /Users/hxrts/projects/aura/lean/Aura/Runner.lean -o /Users/hxrts/projects/aura/lean/.lake/build/lib/lean/Aura/Runner.olean -i /Users/hxrts/projects/aura/lean/.lake/build/lib/lean/Aura/Runner.ilean -c /Users/hxrts/projects/aura/lean/.lake/build/ir/Aura/Runner.c --setup /Users/hxrts/projects/aura/lean/.lake/build/ir/Aura/Runner.setup.json --json",
   "level": "trace"}],
 "inputs":
 [["Aura.Runner:deps",
   [["deps",
     [["auraLean/aura_verifier:extraDep", [["@auraLean:extraDep", "1723"]]],
      ["imports",
       [["Aura transitive imports (legacy)", "3643609373963560339"],
        ["Aura:importAllArts", "11614489193263895003"]]]]],
    ["libs",
     [["import dynlibs",
       [["/Users/hxrts/projects/aura/lean/.lake/build/lib/libAura.dylib",
         "4489237155468358069"]]],
      ["package external libraries", "1723"],
      ["module dynlibs", "1723"],
      ["module plugins", "1723"]]]]],
  ["Lean 4.23.0, commit v4.23.0", "5645240988061349575"],
  ["/Users/hxrts/projects/aura/lean/Aura/Runner.lean", "15872337286445449417"],
  ["options", "1723"],
  ["Module.leanArgs: #[]", "1723"]],
 "depHash": "12790317570652413682"}