{"synthetic": false,
 "outputs":
 {"o": ["15520999091467719479"],
  "i": "14207332820104339579",
  "c": "1320122369963182892"},
 "log":
 [{"message":
   ".> LEAN_PATH=/Users/hxrts/projects/aura/lean/.lake/build/lib/lean /nix/store/2wk0ifmv0ba5rkifq7i3pqd99wpxp0r2-lean4-4.23.0/bin/lean /Users/hxrts/projects/aura/lean/Aura/Frost/Core.lean -o /Users/hxrts/projects/aura/lean/.lake/build/lib/lean/Aura/Frost/Core.olean -i /Users/hxrts/projects/aura/lean/.lake/build/lib/lean/Aura/Frost/Core.ilean -c /Users/hxrts/projects/aura/lean/.lake/build/ir/Aura/Frost/Core.c --setup /Users/hxrts/projects/aura/lean/.lake/build/ir/Aura/Frost/Core.setup.json --json",
   "level": "trace"},
  {"message": "Aura/Frost/Core.lean:67:8: declaration uses 'sorry'",
   "level": "warning"}],
 "inputs":
 [["Aura.Frost.Core:deps",
   [["deps",
     [["auraLean/Aura:extraDep", [["@auraLean:extraDep", "1723"]]],
      ["imports", "1723"]]],
    ["libs",
     [["import dynlibs", "1723"],
      ["package external libraries", "1723"],
      ["module dynlibs", "1723"],
      ["module plugins", "1723"]]]]],
  ["Lean 4.23.0, commit v4.23.0", "5645240988061349575"],
  ["/Users/hxrts/projects/aura/lean/Aura/Frost/Core.lean",
   "1593176142266833715"],
  ["options", "1723"],
  ["Module.leanArgs: #[]", "1723"]],
 "depHash": "13626112456265785385"}