{"synthetic": false,
 "outputs":
 {"o": ["14342810860622106270"],
  "i": "7076445784804850721",
  "c": "9506077060465582490"},
 "log":
 [{"message":
   ".> LEAN_PATH=/Users/hxrts/projects/aura/lean/.lake/build/lib/lean /nix/store/2wk0ifmv0ba5rkifq7i3pqd99wpxp0r2-lean4-4.23.0/bin/lean /Users/hxrts/projects/aura/lean/Aura/Journal/Core.lean -o /Users/hxrts/projects/aura/lean/.lake/build/lib/lean/Aura/Journal/Core.olean -i /Users/hxrts/projects/aura/lean/.lake/build/lib/lean/Aura/Journal/Core.ilean -c /Users/hxrts/projects/aura/lean/.lake/build/ir/Aura/Journal/Core.c --setup /Users/hxrts/projects/aura/lean/.lake/build/ir/Aura/Journal/Core.setup.json --json",
   "level": "trace"},
  {"message": "Aura/Journal/Core.lean:37:8: declaration uses 'sorry'",
   "level": "warning"},
  {"message": "Aura/Journal/Core.lean:41:8: declaration uses 'sorry'",
   "level": "warning"},
  {"message": "Aura/Journal/Core.lean:45:8: declaration uses 'sorry'",
   "level": "warning"}],
 "inputs":
 [["Aura.Journal.Core:deps",
   [["deps",
     [["auraLean/Aura:extraDep", [["@auraLean:extraDep", "1723"]]],
      ["imports", "1723"]]],
    ["libs",
     [["import dynlibs", "1723"],
      ["package external libraries", "1723"],
      ["module dynlibs", "1723"],
      ["module plugins", "1723"]]]]],
  ["Lean 4.23.0, commit v4.23.0", "5645240988061349575"],
  ["/Users/hxrts/projects/aura/lean/Aura/Journal/Core.lean",
   "14328301475542987223"],
  ["options", "1723"],
  ["Module.leanArgs: #[]", "1723"]],
 "depHash": "12710044212135869742"}