{"synthetic": false,
 "outputs":
 {"o": ["3064010615491971200"],
  "i": "4471295224811142769",
  "c": "18441132214452672095"},
 "log":
 [{"message":
   ".> LEAN_PATH=/Users/hxrts/projects/aura/lean/.lake/build/lib/lean /nix/store/2wk0ifmv0ba5rkifq7i3pqd99wpxp0r2-lean4-4.23.0/bin/lean /Users/hxrts/projects/aura/lean/Aura/KeyDerivation/Core.lean -o /Users/hxrts/projects/aura/lean/.lake/build/lib/lean/Aura/KeyDerivation/Core.olean -i /Users/hxrts/projects/aura/lean/.lake/build/lib/lean/Aura/KeyDerivation/Core.ilean -c /Users/hxrts/projects/aura/lean/.lake/build/ir/Aura/KeyDerivation/Core.c --setup /Users/hxrts/projects/aura/lean/.lake/build/ir/Aura/KeyDerivation/Core.setup.json --json",
   "level": "trace"}],
 "inputs":
 [["Aura.KeyDerivation.Core:deps",
   [["deps",
     [["auraLean/Aura:extraDep", [["@auraLean:extraDep", "1723"]]],
      ["imports", "1723"]]],
    ["libs",
     [["import dynlibs", "1723"],
      ["package external libraries", "1723"],
      ["module dynlibs", "1723"],
      ["module plugins", "1723"]]]]],
  ["Lean 4.23.0, commit v4.23.0", "5645240988061349575"],
  ["/Users/hxrts/projects/aura/lean/Aura/KeyDerivation/Core.lean",
   "13073560845735851728"],
  ["options", "1723"],
  ["Module.leanArgs: #[]", "1723"]],
 "depHash": "468591269640436746"}