{"synthetic": false,
 "outputs":
 {"o": ["14900247200256757296"],
  "i": "8325089675616057150",
  "c": "15458205051727920569"},
 "log":
 [{"message":
   ".> LEAN_PATH=/Users/hxrts/projects/aura/lean/.lake/build/lib/lean /nix/store/2wk0ifmv0ba5rkifq7i3pqd99wpxp0r2-lean4-4.23.0/bin/lean /Users/hxrts/projects/aura/lean/Aura/TimeSystem/Core.lean -o /Users/hxrts/projects/aura/lean/.lake/build/lib/lean/Aura/TimeSystem/Core.olean -i /Users/hxrts/projects/aura/lean/.lake/build/lib/lean/Aura/TimeSystem/Core.ilean -c /Users/hxrts/projects/aura/lean/.lake/build/ir/Aura/TimeSystem/Core.c --setup /Users/hxrts/projects/aura/lean/.lake/build/ir/Aura/TimeSystem/Core.setup.json --json",
   "level": "trace"},
  {"message": "Aura/TimeSystem/Core.lean:46:8: declaration uses 'sorry'",
   "level": "warning"},
  {"message": "Aura/TimeSystem/Core.lean:51:8: declaration uses 'sorry'",
   "level": "warning"},
  {"message": "Aura/TimeSystem/Core.lean:58:8: declaration uses 'sorry'",
   "level": "warning"}],
 "inputs":
 [["Aura.TimeSystem.Core:deps",
   [["deps",
     [["auraLean/Aura:extraDep", [["@auraLean:extraDep", "1723"]]],
      ["imports", "1723"]]],
    ["libs",
     [["import dynlibs", "1723"],
      ["package external libraries", "1723"],
      ["module dynlibs", "1723"],
      ["module plugins", "1723"]]]]],
  ["Lean 4.23.0, commit v4.23.0", "5645240988061349575"],
  ["/Users/hxrts/projects/aura/lean/Aura/TimeSystem/Core.lean",
   "15314994069093531420"],
  ["options", "1723"],
  ["Module.leanArgs: #[]", "1723"]],
 "depHash": "6075537281730655097"}