{"synthetic": false,
 "outputs":
 {"o": ["9428632266967609909"],
  "i": "16006199328720690608",
  "c": "9701148387912034481"},
 "log":
 [{"message":
   ".> LEAN_PATH=/Users/hxrts/projects/aura/lean/.lake/build/lib/lean /nix/store/2wk0ifmv0ba5rkifq7i3pqd99wpxp0r2-lean4-4.23.0/bin/lean /Users/hxrts/projects/aura/lean/Aura.lean -o /Users/hxrts/projects/aura/lean/.lake/build/lib/lean/Aura.olean -i /Users/hxrts/projects/aura/lean/.lake/build/lib/lean/Aura.ilean -c /Users/hxrts/projects/aura/lean/.lake/build/ir/Aura.c --setup /Users/hxrts/projects/aura/lean/.lake/build/ir/Aura.setup.json --json",
   "level": "trace"}],
 "inputs":
 [["Aura:deps",
   [["deps",
     [["auraLean/Aura:extraDep", [["@auraLean:extraDep", "1723"]]],
      ["imports",
       [["Aura.Journal.Core transitive imports (legacy)", "1723"],
        ["Aura.Journal.Core:importAllArts", "17049047563776382129"],
        ["Aura.Journal.Semilattice transitive imports (legacy)",
         "4465566397429392002"],
        ["Aura.Journal.Semilattice:importAllArts", "12572236992012744811"],
        ["Aura.KeyDerivation.Core transitive imports (legacy)", "1723"],
        ["Aura.KeyDerivation.Core:importAllArts", "14409136591529455048"],
        ["Aura.GuardChain.Core transitive imports (legacy)", "1723"],
        ["Aura.GuardChain.Core:importAllArts", "16502104425673361201"],
        ["Aura.FlowBudget.Core transitive imports (legacy)", "1723"],
        ["Aura.FlowBudget.Core:importAllArts", "2287473144446105426"],
        ["Aura.Frost.Core transitive imports (legacy)", "1723"],
        ["Aura.Frost.Core:importAllArts", "9380660167986811265"],
        ["Aura.TimeSystem.Core transitive imports (legacy)", "1723"],
        ["Aura.TimeSystem.Core:importAllArts", "9783647740840108250"]]]]],
    ["libs",
     [["import dynlibs",
       [["/Users/hxrts/projects/aura/lean/.lake/build/lib/lean/Aura_Journal_Core.dylib",
         "14672662395829395362"],
        ["/Users/hxrts/projects/aura/lean/.lake/build/lib/lean/Aura_Journal_Semilattice.dylib",
         "2368999047571802670"],
        ["/Users/hxrts/projects/aura/lean/.lake/build/lib/lean/Aura_KeyDerivation_Core.dylib",
         "17396447206396829635"],
        ["/Users/hxrts/projects/aura/lean/.lake/build/lib/lean/Aura_GuardChain_Core.dylib",
         "2490278685611726023"],
        ["/Users/hxrts/projects/aura/lean/.lake/build/lib/lean/Aura_FlowBudget_Core.dylib",
         "8638832554909790980"],
        ["/Users/hxrts/projects/aura/lean/.lake/build/lib/lean/Aura_Frost_Core.dylib",
         "9260209446721301463"],
        ["/Users/hxrts/projects/aura/lean/.lake/build/lib/lean/Aura_TimeSystem_Core.dylib",
         "13248804034496608256"]]],
      ["package external libraries", "1723"],
      ["module dynlibs", "1723"],
      ["module plugins", "1723"]]]]],
  ["Lean 4.23.0, commit v4.23.0", "5645240988061349575"],
  ["/Users/hxrts/projects/aura/lean/Aura.lean", "15433295027672412725"],
  ["options", "1723"],
  ["Module.leanArgs: #[]", "1723"]],
 "depHash": "2194319931802321385"}